<?xml version="1.0" encoding="UTF-8"?>
<testng-results skipped="0" failed="0" ignored="0" total="1" passed="1">
  <reporter-output>
  </reporter-output>
  <suite name="Suite" duration-ms="312119" started-at="2019-10-10T05:48:17Z" finished-at="2019-10-10T05:53:29Z">
    <groups>
    </groups>
    <test name="Test" duration-ms="312119" started-at="2019-10-10T05:48:17Z" finished-at="2019-10-10T05:53:29Z">
      <class name="com.linux.connection.JSchExampleSSHConnection">
        <test-method status="PASS" signature="run(java.lang.String)[pri:0, instance:com.linux.connection.JSchExampleSSHConnection@62ee68d8]" name="run" duration-ms="312093" started-at="2019-10-10T05:48:17Z" finished-at="2019-10-10T05:53:29Z">
          <params>
            <param index="0">
              <value>
                <![CDATA[ind-lnxapp03]]>
              </value>
            </param>
          </params>
          <reporter-output>
          </reporter-output>
        </test-method> <!-- run -->
      </class> <!-- com.linux.connection.JSchExampleSSHConnection -->
    </test> <!-- Test -->
  </suite> <!-- Suite -->
</testng-results>
