<?xml version="1.0" encoding="UTF-8"?>
<testng-results skipped="0" failed="0" ignored="0" total="1" passed="1">
  <reporter-output>
  </reporter-output>
  <suite name="Default suite" duration-ms="152403" started-at="2019-10-09T10:20:19Z" finished-at="2019-10-09T10:22:52Z">
    <groups>
    </groups>
    <test name="Default test" duration-ms="152403" started-at="2019-10-09T10:20:19Z" finished-at="2019-10-09T10:22:52Z">
      <class name="com.linux.connection.JSchExampleSSHConnection">
        <test-method status="PASS" signature="run()[pri:0, instance:com.linux.connection.JSchExampleSSHConnection@396a51ab]" name="run" duration-ms="152378" started-at="2019-10-09T10:20:19Z" finished-at="2019-10-09T10:22:52Z">
          <reporter-output>
          </reporter-output>
        </test-method> <!-- run -->
      </class> <!-- com.linux.connection.JSchExampleSSHConnection -->
    </test> <!-- Default test -->
  </suite> <!-- Default suite -->
</testng-results>
